{"/Users/shd/study/istanbul/sqrt.js":{"path":"/Users/shd/study/istanbul/sqrt.js","s":{"1":1,"2":2,"3":1,"4":1,"5":1},"b":{"1":[1,1]},"f":{"1":2},"fnMap":{"1":{"name":"(anonymous_1)","line":5,"loc":{"start":{"line":5,"column":8},"end":{"line":5,"column":20}}}},"statementMap":{"1":{"start":{"line":4,"column":0},"end":{"line":9,"column":2}},"2":{"start":{"line":6,"column":4},"end":{"line":6,"column":42}},"3":{"start":{"line":6,"column":15},"end":{"line":6,"column":42}},"4":{"start":{"line":7,"column":4},"end":{"line":7,"column":35}},"5":{"start":{"line":11,"column":0},"end":{"line":11,"column":20}}},"branchMap":{"1":{"line":6,"type":"if","locations":[{"start":{"line":6,"column":4},"end":{"line":6,"column":4}},{"start":{"line":6,"column":4},"end":{"line":6,"column":4}}]}}}}